    1  git pull
    2  git pull --rebase
    3  git stash
    4  git pull
    5  cd ..
    6  rm -rf cs149
    7  git clone git@github.com:dXtrmn8r/cs149.git
    8  cd cs149/WS1
    9  for file in cs149_*; do mv "$file" "${file#cs149_}";done;
   10  git add *.c
   11  cd ../WS2
   12  for file in cs149_*; do mv "$file" "${file#cs149_}";done;
   13  git add *.c
   14  git status
   15  cd ..
   16  git status
   17  git commit -m "Renamed files for compliance"
   18  git push
   19  cd WS1
   20  git rm cs149*.c
   21  cd ../WS2
   22  git rm cs149*.c
   23  git commit -m "Removed redundant files"
   24  git push
   25  vim 2.25.c
   26  vim 2.34.c
   27  vim 3.22.c
   28  git status
   29  git commit -m "Added required documentation"
   30  git add *.c
   31  git commit -m "Added required documentation"
   32  git push
   33  gcc --version
   34  exit
   35  cd Desktop/cs149/WS2
   36  ls
   37  gcc 2.34.c -Wall -Werr -o welcome
   38  gcc 2.34.c -Wall -Werror -o welcome
   39  ./welcome
   40  gcc 2.34.c -Wall -Werror -o welcome
   41  ./welcome
   42  gcc 2.34.c -Wall -Werror -o welcome
   43  ./welcome
   44  sudo su
   45  pstree
   46  echo $?
   47  ls
   48  echo $?
   49  echo $ENV
   50  printenv
   51  zsh
   52  sudo apt install zsh
   53  zsh
   54  ls -a
   55  cd Developer
   56  cd cs149
   57  nvim fork.c
   58  gcc fork.c -o fork -Wall -Werror
   59  ./fork
   60  nvim fork.c
   61  gcc fork.c -o fork -Wall -Werror
   62  ./fork
   63  nvim fork.c
   64  gcc fork.c -o fork -Wall -Werror
   65  ./fork
   66  nvim fork.c
   67  gcc fork.c -o fork -Wall -Werror
   68  nvim fork.c
   69  gcc fork.c -o fork -Wall -Werror
   70  exit
   71  top
   72  ps
   73  ps aux
   74  top
   75  exit
   76  od
   77  ls
   78  cd Developer
   79  ls
   80  cd cs149
   81  git pull
   82  ls
   83  cd WS2
   84  ls
   85  cd ../..
   86  rm -rf cs149
   87  cp ~/Desktop/cs149
   88  cp ~/Desktop/cs149 cs149
   89  cp -r ~/Desktop/cs149 cs149
   90  cd cs149
   91  ls
   92  cd WS2
   93  ls
   94  ./welcome
   95  exit
   96  cd Desktop/cs149
   97  ls
   98  mkdir WS3; cd WS3
   99  wget https://github.com/torvalds/linux/archive/master.zip
  100  unzip master.zip
  101  cd linux-master
  102  pwd
  103  alias l='ls -latr'
  104  l
  105  find . -name mem.c
  106  find . -name mem.c | xargs head
  107  find . -name mem.c | xargs grep 86
  108  cd ..
  109  history > worksheet3.log
  110  head worksheet3.log
  111  git add *.log
  112  git commit -m "Finished terminal practice for WS3"
  113  git push
  114  exit
  115  cd Desktop/cs149/WS3
  116  rm -rf linux-master
  117  rm -rf master.zip
  118  exit
  119  cd Desktop/cs149
  120  mkdir A1; cd A1
  121  nvim countnames.c
  122  rm countnames.c
  123  nvim countnames.c
  124  sudo apt install discord
  125  rm names
  126  rm names_long_redundant.txt 
  127  exit
  128  cd cs149
  129  cd Desktop/cs149
  130  cd A1
  131  ls
  132  nvim countnames.c
  133  nano ~/.vimrc
  134  cd
  135  cd .nvim
  136  l
  137  ls -latr
  138  alias
  139  zsh
  140  ls -latr
  141  cat .sudo_as_admin_successful 
  142  cd .config
  143  cd nvim
  144  nano init
  145  ls
  146  nano init.vim
  147  cd ~/Desktop/cs149
  148  ls
  149  cd A1
  150  ls
  151  nvim countnames.c
  152  gcc countnames.c -o countnames -Wall -Werror -g
  153  ./countnames
  154  ls
  155  ./countnames names.txt
  156  ./countnames names_long_redundant.txt 
  157  valgrind countnames
  158  sudo snap install valgrind
  159  sudo apt install valgrind
  160  valgrind
  161  valgrind countnames names.txt
  162  valgrind ./countnames names.txt
  163  valgrind ./countnames names.txt --leak-check=full
  164  valgrind --leak-check=full ./countnames names.txt
  165  vim countnames.c
  166  gcc countnames.c -o countnames -Wall -Werror -g
  167  vim countnames.c
  168  gcc countnames.c -o countnames -Wall -Werror -g
  169  valgrind --leak-check=full ./countnames names.txt
  170  valgrind --leak-check=full ./countnames names_long_redundant.txt 
  171  sudo restart 0
  172  sudo reboot 0
  173  sudo apt install gvim
  174  cd Desktop/cs149
  175  cd A1
  176  git add *.c
  177  git commit -m "Added A1"
  178  git push
  179  gcc a
  180  gcc
  181  gcc --help
  182  rm
  183  nvim countnames.c
  184  ./countnames a.txt
  185  nvim countnames.c
  186  git commit -m "Added command line argument error checking"; git push
  187  cd ../WS2
  188  ls
  189  git push
  190  git commit -m "Added command line argument error checking"
  191  cd ../A1
  192  git add *.c
  193  git commit -m "Added command line argument error checking"
  194  git push
  195  cd ../WS3/
  196  git diff 2.34.c
  197  git diff remote
  198  git add 2.34.c
  199  ls
  200  cd ../WS2
  201  ls
  202  nvim 2.34.c
  203  git status
  204  cd 
  205  cd ~/Desktop/cs149
  206  ls
  207  rm countnames.c
  208  ls
  209  cd WS2
  210  git add 2.34.c
  211  git commit -m "Changed input method on 2.34.c"; git push
  212  exit
  213  cd Desktop/cs149
  214  ls
  215  cd WS3
  216  ls
  217  nvim 4.14.c
  218  gcc 4.14.c -o revbin -Wall -Werror
  219  nvim 4.14.c
  220  gcc 4.14.c -o revbin -Wall -Werror
  221  ./revbin 0
  222  nvim 4.14.c
  223  gcc 4.14.c -o revbin -Wall -Werror
  224  ./revbin
  225  nvim 4.14.c
  226  gcc 4.14.c -o revbin -Wall -Werror
  227  ./revbin
  228  nvim 4.16.c
  229  vim ~/.vimrc
  230  cd ..
  231  cd A1
  232  ls
  233  vim countnames.c
  234  git status
  235  git commit -m "Fixed whitespace"; git push
  236  ls
  237  git add countnames.c
  238  git commit -m "Fixed whitespace"; git push
  239  cd ../WS3
  240  ls
  241  vim 4.16.c
  242  vim 4.14.c
  243  exit
  244  cd Desktop
  245  ls
  246  cd cs149
  247  ls
  248  lsls
  249  ls
  250  ls latr
  251  exit
  252  cd cs149
  253  ls
  254  cd Desktop/cs149
  255  ls
  256  cd A1
  257  vim countnames.c
  258  ls
  259  cat > mind
  260  cat >> mind
  261  cat mind
  262  exit
  263  cd Desktop
  264  cd cs149
  265  ls
  266  cd WS3
  267  ls
  268  cat > 5.16.c
  269  vim 5.16.c
  270  ls
  271  gcc -Wall -Werror 4.16.c -o math
  272  ./math
  273  gcc -Wall -Werror 5.16.c -o reverse
  274  ./reverse
  275  gcc -Wall -Werror 5.16.c -o reverse
  276  vim 5.16.c
  277  cat > 5.17.c
  278  vim 5.17.c
  279  cat > 5.18.c
  280  vim 5.18,c
  281  vim 5.18.c
  282  cat > 5.21.c
  283  vim 5.21.c
  284  cat > 5.22.c
  285  vim 5.22.
  286  vim 5.22.c
  287  ls
  288  vim 4.14.c
  289  vim 5.23.c
  290  cat 5.17.c
  291  gcc -Wall -Werror 5.17.c -o middle
  292  ./middle
  293  cat 5.18.c
  294  gcc -Wall -Werror 5.18.c -o threshold
  295  ./threshold
  296  ls
  297  gcc -Wall -Werror 5.21.c -o charsearch
  298  ./charsearch
  299  gcc -Wall -Werror 5.22.c -o doublethreshold
  300  ./doublethreshold
  301  gcc -Wall -Werror 5.23.c -o smallesttwo
  302  ./smallesttwo
  303  git add *.c
  304  git status
  305  git commit -m "Added C source files for WS3"
  306  git push
  307  cd ..
  308  cd A1
  309  ls
  310  git status
  311  exit
  312  man gcc
  313  man fork
  314  man getline
  315  man getdelim
  316  cd Desktop/cs149
  317  cd ..
  318  mkdir test; cd test
  319  mkfifo my_pipe
  320  gzip -9 -c < my_pipe > out.gz &
  321  cat myfile > my_pipe
  322  ls -altr out.gz
  323  man mkfifo
  324  rm my_pipe
  325  mkfifo my_pipe
  326  gzip -9 -c < my_pipe > out.gz &
  327  cat myfile > my_pipe
  328  ls -altr out.gz
  329  cat my_pipe
  330  ls
  331  ls -l
  332  rm my_pipe
  333  ls
  334  rm out.gz
  335  mkfifo my_pipe
  336  ls
  337  rm my_pipe
  338  man
  339  man man
  340  man 7 man
  341  cd Desktop/cs149
  342  ls
  343  git pull
  344  ls
  345  cd WS4
  346  ls
  347  vim 6.20.c
  348  vim 6.30.c
  349  gcc -Wall -Werror 6.30.c -o minmax -g
  350  ./minmax
  351  gcc -Wall -Werror 6.20.c -o laps2miles -g
  352  ./laps2miles
  353  git status
  354  git commit -m "Added documentation for WS5"; git push
  355  git add *.c; git commit -m "Added documentation for WS5"; git push
  356  exit
  357  cd Desktop/cs149
  358  ls
  359  git pull
  360  cd A2
  361  ls
  362  gcc fork_pipe_test.c -o fork_pipe -Wall -Werror -g
  363  gdb fork_pipe
  364  nvim fork_pipe_test.c
  365  gcc fork_pipe_test.c -o fork_pipe -Wall -Werror -g
  366  nvim fork_pipe_test.c 
  367  gcc fork_pipe_test.c -o fork_pipe -Wall -Werror -g
  368  gdb fork_pipe
  369  nvim fork_pipe_test.c 
  370  gcc fork_pipe_test.c -o fork_pipe -Wall -Werror -g
  371  gdb fork_pipe
  372  nvim fork_pipe_test.c 
  373  gcc fork_pipe_test.c -o fork_pipe -Wall -Werror -g
  374  gdb fork_pipe
  375  nvim fork_pipe_test.c 
  376  gcc fork_pipe_test.c -o fork_pipe -Wall -Werror -g
  377  gdb fork_pipe
  378  nvim fork_pipe_test.c 
  379  gcc fork_pipe_test.c -o fork_pipe -Wall -Werror -g
  380  nvim fork_pipe_test.c 
  381  gcc fork_pipe_test.c -o fork_pipe -Wall -Werror -g
  382  nvim fork_pipe_test.c 
  383  gcc fork_pipe_test.c -o fork_pipe -Wall -Werror -g
  384  gdb fork_pipe
  385  nvim fork_pipe_test.c 
  386  gcc fork_pipe_test.c -o fork_pipe -Wall -Werror -g
  387  gdb fork_pipe
  388  nvim fork_pipe_test.c 
  389  gcc fork_pipe_test.c -o fork_pipe -Wall -Werror
  390  nvim fork_pipe_test.c 
  391  gcc fork_pipe_test.c -o fork_pipe -Wall -Werror
  392  ./fork_pipe
  393  nvim fork_pipe_test.c 
  394  gcc fork_pipe_test.c -o fork_pipe -Wall -Werror
  395  nvim fork_pipe_test.c 
  396  gcc fork_pipe_test.c -o fork_pipe -Wall -Werror
  397  nvim fork_pipe_test.c 
  398  gcc fork_pipe_test.c -o fork_pipe -Wall -Werror
  399  gcc fork_pipe_test.c -o fork_pipe -Wall -Werror -g
  400  gdb fork_pipe
  401  nvim fork_pipe_test.c 
  402  gcc fork_pipe_test.c -o fork_pipe -Wall -Werror -g
  403  nvim fork_pipe_test.c 
  404  gcc fork_pipe_test.c -o fork_pipe -Wall -Werror -g
  405  gdb fork_pipe
  406  nvim fork_pipe_test.c 
  407  gcc fork_pipe_test.c -o fork_pipe -Wall -Werror -g
  408  gdb fork_pipe
  409  nvim fork_pipe_test.c 
  410  gcc fork_pipe_test.c -o fork_pipe -Wall -Werror -g
  411  nvim fork_pipe_test.c 
  412  gcc fork_pipe_test.c -o fork_pipe -Wall -Werror -g
  413  nvim fork_pipe_test.c 
  414  gcc fork_pipe_test.c -o fork_pipe -Wall -Werror -g
  415  nvim fork_pipe_test.c 
  416  gcc fork_pipe_test.c -o fork_pipe -Wall -Werror -g
  417  ./fork_pipe
  418  exit
  419  cd Desktop/cs149
  420  ls
  421  cd A1
  422  ls
  423  vim countnames2.c
  424  ls
  425  gcc countnames2.c -o countnames2 -Wall -Werror
  426  vim countnames2.c
  427  gcc countnames2.c -o countnames2 -Wall -Werror
  428  ./countnames2 names_long_redundant.txt 
  429  exit
  430  cd Desktop/cs149
  431  ls
  432  cd A2
  433  git pull
  434  git stash fork_pipe_test.c
  435  git stash drop
  436  git stash
  437  git pull
  438  mv ~/Desktop/*.txt ./
  439  ls
  440  rm fork_pipe
  441  gcc countnames_parallel.c -o countnames -Wall -Werror -g
  442  vim countnames_parallel.c
  443  git add countnames_parallel.c 
  444  git commit -m "Revised documentation for A2 source code"; git push
  445  gcc countnames_parallel.c -o countnames -Wall -Werror -g
  446  vim countnames_parallel.c
  447  gcc countnames_parallel.c -o countnames -Wall -Werror -g
  448  ./countnames
  449  ./countnames names_long_redundant1.txt 
  450  ./countnames names_long_redundant1.txt names_long_redundant2.txt 
  451  vim countnames_parallel.c
  452  ./countnames names_long_redundant1.txt names_long_redundant2.txt names_long_redudant3.txt
  453  ./countnames names_long_redundant1.txt names_long_redundant2.txt names_long_redundant3.txt
  454  git add countnames_parallel.c 
  455  git commit --amend --no-edit
  456  git push --force
  457  ./countnames names_long_redundant1.txt 
  458  git pull
  459  git reset --hard HEAD^
  460  git pull
  461  git reset --hard HEAD^
  462  git pull
  463  ls
  464  gcc countnames_parallel.c -o countnames -Wall -Werror -g
  465  vim countnames_parallel.c
  466  gcc countnames_parallel.c -o countnames -Wall -Werror -g
  467  ./countnames *.txt
  468  vim countnames_parallel.c 
  469  gcc countnames_parallel.c -o countnames -Wall -Werror -g
  470  vim countnames_parallel.c 
  471  gcc countnames_parallel.c -o countnames -Wall -Werror -g
  472  ./countnames *.txt
  473  vim countnames_parallel.c 
  474  gcc countnames_parallel.c -o countnames -Wall -Werror -g
  475  ./countnames *.txt
  476  vim countnames_parallel.c 
  477  git status
  478  vim countnames_parallel.c 
  479  gcc countnames_parallel.c -o countnames -Wall -Werror -g
  480  ./countnames *.txt
  481  vim countnames_parallel.c 
  482  gcc countnames_parallel.c -o countnames -Wall -Werror -g
  483  ./countnames *.txt
  484  ./countnames *.txt *.txt
  485  git add countnames_parallel.c; git commit -m "Changed WAIT flags"; git push
  486  git pull
  487  exit
  488  cd Desktop/cs149
  489  ls
  490  git pull
  491  cd WS5
  492  ls
  493  cd ..
  494  ls
  495  cd WS6
  496  ls
  497  nvim test1.c
  498  exit
  499  tmux
  500  exit
  501  cd WS5
  502  ls
  503  ./forktest
  504  ./forktest2
  505  vim ws5_alternative.c 
  506  gcc ws5_alternative.c -o forktest2 -Wall -Werror
  507  vim ws5_alternative.c 
  508  gcc ws5_alternative.c -o forktest2 -Wall -Werror
  509  ./forktest2
  510  clear
  511  ./forktest
  512  ./forktest2
  513  ./forktest
  514  cd Desktop/cs149
  515  git pull
  516  tmux
  517  reset
  518  cd WS5
  519  gcc ws5.c -o forktest -Wall -Werror
  520  git pull
  521  gcc ws5_alternative.c -o forktest2 -Wall -Werror
  522  highlight
  523  sudo apt install highlight
  524  clear
  525  highlight 6.29.c
  526  ls
  527  highlight
  528  man highlight
  529  ls
  530  cat 6.29.c
  531  reset
  532  vim
  533  ls
  534  rm highlight.cc
  535  rm highlight.css
  536  vim *.c
  537  cd ls
  538  ls
  539  cd Desktop/cs149/
  540  mkdir WS6; cd WS6
  541  ls
  542  cd ..
  543  mkdir WS7; cd WS7
  544  vim swap.c
  545  gcc swap.c -Wall -Werror -o swap
  546  vim swap.c
  547  gcc swap.c -Wall -Werror -o swap
  548  ./swap
  549  gcc swap.c -Wall -Werror -o swap -g
  550  gdb swap
  551  vim swap.c
  552  gcc swap.c -Wall -Werror -o swap -g
  553  ./swap
  554  vim swap.c
  555  gcc swap.c -Wall -Werror -o swap -g
  556  ./swap
  557  sudo shutdown 0
  558  cd Desktop/cs149
  559  git pull
  560  git add 6.24.c; git commit -m "Modified zy 6.24.c"; git push
  561  cd WS7
  562  git add 6.24.c; git commit -m "Modified zy 6.24.c"; git push
  563  exit
  564  cd Desktop
  565  cd cs149
  566  ls
  567  mkdir WS7
  568  cd WS7
  569  ls | wc
  570  ls | sort
  571  ls | sort | wc
  572  ls -latr /bin/
  573  ls -latr /bin/ > a.out
  574  cat a.out
  575  cat a.out | more
  576  strace ls
  577  du -sh .
  578  df -i
  579  history > worksheet7.log
